Wed Dec 24 2025 11:46:53 [Podlove] [32minfo[39m: Successfully Connected to MongoDB Atlas
Wed Dec 24 2025 11:46:57 [Podlove] [32minfo[39m: Privacy Policy exists!
Wed Dec 24 2025 11:46:58 [Podlove] [32minfo[39m: Consumer Policy exists!
Wed Dec 24 2025 11:46:58 [Podlove] [32minfo[39m: Media Policy exists!
Wed Dec 24 2025 11:46:58 [Podlove] [32minfo[39m: Server is running at PORT: 8000, HOST: 0.0.0.0
Wed Dec 24 2025 11:46:58 [Podlove] [32minfo[39m: Socket.IO server initialized
Wed Dec 24 2025 11:47:15 [Podlove] [32minfo[39m: Successfully Connected to MongoDB Atlas
Wed Dec 24 2025 11:47:18 [Podlove] [32minfo[39m: Privacy Policy exists!
Wed Dec 24 2025 11:47:18 [Podlove] [32minfo[39m: Consumer Policy exists!
Wed Dec 24 2025 11:47:19 [Podlove] [32minfo[39m: Media Policy exists!
Wed Dec 24 2025 11:47:19 [Podlove] [32minfo[39m: Server is running at PORT: 8000, HOST: 0.0.0.0
Wed Dec 24 2025 11:47:19 [Podlove] [32minfo[39m: Socket.IO server initialized
Wed Dec 24 2025 11:47:59 [Podlove] [32minfo[39m: Successfully Connected to MongoDB Atlas
Wed Dec 24 2025 11:48:3 [Podlove] [32minfo[39m: Privacy Policy exists!
Wed Dec 24 2025 11:48:3 [Podlove] [32minfo[39m: Consumer Policy exists!
Wed Dec 24 2025 11:48:4 [Podlove] [32minfo[39m: Media Policy exists!
Wed Dec 24 2025 11:48:4 [Podlove] [32minfo[39m: Server is running at PORT: 8000, HOST: 0.0.0.0
Wed Dec 24 2025 11:48:4 [Podlove] [32minfo[39m: Socket.IO server initialized
Wed Dec 24 2025 11:48:25 [Podlove] [32minfo[39m: Successfully Connected to MongoDB Atlas
Wed Dec 24 2025 11:48:29 [Podlove] [32minfo[39m: Privacy Policy exists!
Wed Dec 24 2025 11:48:30 [Podlove] [32minfo[39m: Consumer Policy exists!
Wed Dec 24 2025 11:48:30 [Podlove] [32minfo[39m: Media Policy exists!
Wed Dec 24 2025 11:48:30 [Podlove] [32minfo[39m: Server is running at PORT: 8000, HOST: 0.0.0.0
Wed Dec 24 2025 11:48:30 [Podlove] [32minfo[39m: Socket.IO server initialized
Wed Dec 24 2025 11:48:41 [Podlove] [32minfo[39m: Successfully Connected to MongoDB Atlas
Wed Dec 24 2025 11:48:45 [Podlove] [32minfo[39m: Privacy Policy exists!
Wed Dec 24 2025 11:48:45 [Podlove] [32minfo[39m: Consumer Policy exists!
Wed Dec 24 2025 11:48:46 [Podlove] [32minfo[39m: Media Policy exists!
Wed Dec 24 2025 11:48:46 [Podlove] [32minfo[39m: Server is running at PORT: 8000, HOST: 0.0.0.0
Wed Dec 24 2025 11:48:46 [Podlove] [32minfo[39m: Socket.IO server initialized
Wed Dec 24 2025 11:49:9 [Podlove] [32minfo[39m: Successfully Connected to MongoDB Atlas
Wed Dec 24 2025 11:49:15 [Podlove] [32minfo[39m: Privacy Policy exists!
Wed Dec 24 2025 11:49:16 [Podlove] [32minfo[39m: Consumer Policy exists!
Wed Dec 24 2025 11:49:16 [Podlove] [32minfo[39m: Media Policy exists!
Wed Dec 24 2025 11:49:16 [Podlove] [32minfo[39m: Server is running at PORT: 8000, HOST: 0.0.0.0
Wed Dec 24 2025 11:49:16 [Podlove] [32minfo[39m: Socket.IO server initialized
Wed Dec 24 2025 11:49:35 [Podlove] [32minfo[39m: Successfully Connected to MongoDB Atlas
Wed Dec 24 2025 11:49:39 [Podlove] [32minfo[39m: Privacy Policy exists!
Wed Dec 24 2025 11:49:39 [Podlove] [32minfo[39m: Consumer Policy exists!
Wed Dec 24 2025 11:49:39 [Podlove] [32minfo[39m: Media Policy exists!
Wed Dec 24 2025 11:49:39 [Podlove] [32minfo[39m: Server is running at PORT: 8000, HOST: 0.0.0.0
Wed Dec 24 2025 11:49:39 [Podlove] [32minfo[39m: Socket.IO server initialized
Wed Dec 24 2025 11:49:53 [Podlove] [32minfo[39m: Successfully Connected to MongoDB Atlas
Wed Dec 24 2025 11:50:4 [Podlove] [32minfo[39m: Successfully Connected to MongoDB Atlas
Wed Dec 24 2025 11:50:8 [Podlove] [32minfo[39m: Privacy Policy exists!
Wed Dec 24 2025 11:50:8 [Podlove] [32minfo[39m: Consumer Policy exists!
Wed Dec 24 2025 11:50:9 [Podlove] [32minfo[39m: Media Policy exists!
Wed Dec 24 2025 11:50:9 [Podlove] [32minfo[39m: Server is running at PORT: 8000, HOST: 0.0.0.0
Wed Dec 24 2025 11:50:9 [Podlove] [32minfo[39m: Socket.IO server initialized
Wed Dec 24 2025 11:50:26 [Podlove] [32minfo[39m: Successfully Connected to MongoDB Atlas
Wed Dec 24 2025 11:50:32 [Podlove] [32minfo[39m: Privacy Policy exists!
Wed Dec 24 2025 11:50:32 [Podlove] [32minfo[39m: Consumer Policy exists!
Wed Dec 24 2025 11:50:32 [Podlove] [32minfo[39m: Media Policy exists!
Wed Dec 24 2025 11:50:32 [Podlove] [32minfo[39m: Server is running at PORT: 8000, HOST: 0.0.0.0
Wed Dec 24 2025 11:50:32 [Podlove] [32minfo[39m: Socket.IO server initialized
Wed Dec 24 2025 11:50:45 [Podlove] [32minfo[39m: Successfully Connected to MongoDB Atlas
Wed Dec 24 2025 11:50:49 [Podlove] [32minfo[39m: Privacy Policy exists!
Wed Dec 24 2025 11:50:49 [Podlove] [32minfo[39m: Consumer Policy exists!
Wed Dec 24 2025 11:50:49 [Podlove] [32minfo[39m: Media Policy exists!
Wed Dec 24 2025 11:50:49 [Podlove] [32minfo[39m: Server is running at PORT: 8000, HOST: 0.0.0.0
Wed Dec 24 2025 11:50:49 [Podlove] [32minfo[39m: Socket.IO server initialized
Wed Dec 24 2025 11:51:10 [Podlove] [32minfo[39m: Successfully Connected to MongoDB Atlas
Wed Dec 24 2025 11:51:14 [Podlove] [32minfo[39m: Privacy Policy exists!
Wed Dec 24 2025 11:51:15 [Podlove] [32minfo[39m: Consumer Policy exists!
Wed Dec 24 2025 11:51:15 [Podlove] [32minfo[39m: Media Policy exists!
Wed Dec 24 2025 11:51:15 [Podlove] [32minfo[39m: Server is running at PORT: 8000, HOST: 0.0.0.0
Wed Dec 24 2025 11:51:15 [Podlove] [32minfo[39m: Socket.IO server initialized
Wed Dec 24 2025 11:54:40 [Podlove] [32minfo[39m: Successfully Connected to MongoDB Atlas
Wed Dec 24 2025 11:54:52 [Podlove] [32minfo[39m: Successfully Connected to MongoDB Atlas
Wed Dec 24 2025 11:54:56 [Podlove] [32minfo[39m: Privacy Policy exists!
Wed Dec 24 2025 11:54:56 [Podlove] [32minfo[39m: Consumer Policy exists!
Wed Dec 24 2025 11:54:57 [Podlove] [32minfo[39m: Media Policy exists!
Wed Dec 24 2025 11:54:57 [Podlove] [32minfo[39m: Server is running at PORT: 8000, HOST: 0.0.0.0
Wed Dec 24 2025 11:54:57 [Podlove] [32minfo[39m: Socket.IO server initialized
Wed Dec 24 2025 11:55:19 [Podlove] [32minfo[39m: Successfully Connected to MongoDB Atlas
Wed Dec 24 2025 11:55:24 [Podlove] [32minfo[39m: Privacy Policy exists!
Wed Dec 24 2025 11:55:24 [Podlove] [32minfo[39m: Consumer Policy exists!
Wed Dec 24 2025 11:55:25 [Podlove] [32minfo[39m: Media Policy exists!
Wed Dec 24 2025 11:55:25 [Podlove] [32minfo[39m: Server is running at PORT: 8000, HOST: 0.0.0.0
Wed Dec 24 2025 11:55:25 [Podlove] [32minfo[39m: Socket.IO server initialized
Wed Dec 24 2025 11:55:49 [Podlove] [32minfo[39m: Successfully Connected to MongoDB Atlas
Wed Dec 24 2025 11:55:53 [Podlove] [32minfo[39m: Privacy Policy exists!
Wed Dec 24 2025 11:55:53 [Podlove] [32minfo[39m: Consumer Policy exists!
Wed Dec 24 2025 11:55:53 [Podlove] [32minfo[39m: Media Policy exists!
Wed Dec 24 2025 11:55:53 [Podlove] [32minfo[39m: Server is running at PORT: 8000, HOST: 0.0.0.0
Wed Dec 24 2025 11:55:53 [Podlove] [32minfo[39m: Socket.IO server initialized
Wed Dec 24 2025 11:56:34 [Podlove] [32minfo[39m: Successfully Connected to MongoDB Atlas
Wed Dec 24 2025 11:56:39 [Podlove] [32minfo[39m: Privacy Policy exists!
Wed Dec 24 2025 11:56:39 [Podlove] [32minfo[39m: Consumer Policy exists!
Wed Dec 24 2025 11:56:40 [Podlove] [32minfo[39m: Media Policy exists!
Wed Dec 24 2025 11:56:40 [Podlove] [32minfo[39m: Server is running at PORT: 8000, HOST: 0.0.0.0
Wed Dec 24 2025 11:56:40 [Podlove] [32minfo[39m: Socket.IO server initialized
