Wed Dec 24 2025 13:11:37 [Podlove] [32minfo[39m: Successfully Connected to MongoDB Atlas
Wed Dec 24 2025 13:11:41 [Podlove] [32minfo[39m: Privacy Policy exists!
Wed Dec 24 2025 13:11:41 [Podlove] [32minfo[39m: Consumer Policy exists!
Wed Dec 24 2025 13:11:42 [Podlove] [32minfo[39m: Media Policy exists!
Wed Dec 24 2025 13:11:42 [Podlove] [32minfo[39m: Server is running at PORT: 8000, HOST: 0.0.0.0
Wed Dec 24 2025 13:11:42 [Podlove] [32minfo[39m: Socket.IO server initialized
Wed Dec 24 2025 13:17:51 [Podlove] [32minfo[39m: Successfully Connected to MongoDB Atlas
Wed Dec 24 2025 13:17:55 [Podlove] [32minfo[39m: Privacy Policy exists!
Wed Dec 24 2025 13:17:56 [Podlove] [32minfo[39m: Consumer Policy exists!
Wed Dec 24 2025 13:17:56 [Podlove] [32minfo[39m: Media Policy exists!
Wed Dec 24 2025 13:17:56 [Podlove] [32minfo[39m: Server is running at PORT: 8000, HOST: 0.0.0.0
Wed Dec 24 2025 13:17:56 [Podlove] [32minfo[39m: Socket.IO server initialized
Wed Dec 24 2025 13:18:45 [Podlove] [32minfo[39m: Successfully Connected to MongoDB Atlas
Wed Dec 24 2025 13:18:48 [Podlove] [32minfo[39m: Privacy Policy exists!
Wed Dec 24 2025 13:18:49 [Podlove] [32minfo[39m: Consumer Policy exists!
Wed Dec 24 2025 13:18:49 [Podlove] [32minfo[39m: Media Policy exists!
Wed Dec 24 2025 13:20:2 [Podlove] [32minfo[39m: Successfully Connected to MongoDB Atlas
Wed Dec 24 2025 13:20:6 [Podlove] [32minfo[39m: Privacy Policy exists!
Wed Dec 24 2025 13:20:6 [Podlove] [32minfo[39m: Consumer Policy exists!
Wed Dec 24 2025 13:20:6 [Podlove] [32minfo[39m: Media Policy exists!
Wed Dec 24 2025 13:20:6 [Podlove] [32minfo[39m: Server is running at PORT: 8000, HOST: 0.0.0.0
Wed Dec 24 2025 13:20:6 [Podlove] [32minfo[39m: Socket.IO server initialized
